REPOSITORY                TAG                        IMAGE ID       CREATED          SIZE
torchun/ubuntu-tmp-file   latest                     d1145a78a941   36 seconds ago   63.3MB
detectron_model           latest                     564e3e8d90e1   14 hours ago     7.18GB
svhn_model                latest                     da643e19419d   24 hours ago     7.36GB
slicer                    latest                     ee0c4e9947bc   5 days ago       541MB
restreamer                latest                     bbc0f7edd475   8 days ago       455MB
postgres                  latest                     4ea2949e4cb8   12 days ago      314MB
ubuntu                    18.04                      c090eaba6b94   13 days ago      63.3MB
ubuntu                    bionic                     c090eaba6b94   13 days ago      63.3MB
nvidia/cuda               11.1.1-devel-ubuntu18.04   7b4a198b698e   3 weeks ago      4.8GB
nvidia/cuda               10.1-cudnn7-devel          f14eef18156e   3 weeks ago      3.64GB
mldl/py38                 latest                     4feb1ddd7a54   6 weeks ago      28.6GB
ai/torch                  latest                     7ced84199238   3 months ago     19.7GB
nvidia/cuda               latest                     39c89f09c39b   3 months ago     4.69GB
hello-world               latest                     bf756fb1ae65   13 months ago    13.3kB

docker inspect f7db6e9af6b1 > container.txt
docker inspect ubuntu:18.04 > image.txt

diff container.txt image.txt

3,72c3,26
<         "Id": "f7db6e9af6b1f640dd71c24d3c663bce19a97268e5f92861d82b564ca1ffda86",
<         "Created": "2021-02-03T10:21:14.836388141Z",
<         "Path": "/bin/bash",
<         "Args": [],
<         "State": {
<             "Status": "running",
<             "Running": true,
<             "Paused": false,
<             "Restarting": false,
<             "OOMKilled": false,
<             "Dead": false,
<             "Pid": 3045746,
<             "ExitCode": 0,
<             "Error": "",
<             "StartedAt": "2021-02-03T10:22:11.917906968Z",
<             "FinishedAt": "2021-02-03T10:21:26.635660731Z"
<         },
<         "Image": "sha256:c090eaba6b9480dcd1daf063e4efe271711745c21a73c53bdc94c8d9610d2fd9",
<         "ResolvConfPath": "/var/lib/docker/containers/f7db6e9af6b1f640dd71c24d3c663bce19a97268e5f92861d82b564ca1ffda86/resolv.conf",
<         "HostnamePath": "/var/lib/docker/containers/f7db6e9af6b1f640dd71c24d3c663bce19a97268e5f92861d82b564ca1ffda86/hostname",
<         "HostsPath": "/var/lib/docker/containers/f7db6e9af6b1f640dd71c24d3c663bce19a97268e5f92861d82b564ca1ffda86/hosts",
<         "LogPath": "/var/lib/docker/containers/f7db6e9af6b1f640dd71c24d3c663bce19a97268e5f92861d82b564ca1ffda86/f7db6e9af6b1f640dd71c24d3c663bce19a97268e5f92861d82b564ca1ffda86-json.log",
<         "Name": "/crazy_bell",
<         "RestartCount": 0,
<         "Driver": "overlay2",
<         "Platform": "linux",
<         "MountLabel": "",
<         "ProcessLabel": "",
<         "AppArmorProfile": "",
<         "ExecIDs": null,
<         "HostConfig": {
<             "Binds": null,
<             "ContainerIDFile": "",
<             "LogConfig": {
<                 "Type": "json-file",
<                 "Config": {}
<             },
<             "NetworkMode": "default",
<             "PortBindings": {},
<             "RestartPolicy": {
<                 "Name": "no",
<                 "MaximumRetryCount": 0
<             },
<             "AutoRemove": false,
<             "VolumeDriver": "",
<             "VolumesFrom": null,
<             "CapAdd": null,
<             "CapDrop": null,
<             "CgroupnsMode": "host",
<             "Dns": [],
<             "DnsOptions": [],
<             "DnsSearch": [],
<             "ExtraHosts": null,
<             "GroupAdd": null,
<             "IpcMode": "private",
<             "Cgroup": "",
<             "Links": null,
<             "OomScoreAdj": 0,
<             "PidMode": "",
<             "Privileged": false,
<             "PublishAllPorts": false,
<             "ReadonlyRootfs": false,
<             "SecurityOpt": null,
<             "UTSMode": "",
<             "UsernsMode": "",
<             "ShmSize": 67108864,
<             "Runtime": "nvidia",
<             "ConsoleSize": [
<                 0,
<                 0
---
>         "Id": "sha256:c090eaba6b9480dcd1daf063e4efe271711745c21a73c53bdc94c8d9610d2fd9",
>         "RepoTags": [
>             "ubuntu:18.04",
>             "ubuntu:bionic"
>         ],
>         "RepoDigests": [
>             "ubuntu@sha256:ea188fdc5be9b25ca048f1e882b33f1bc763fb976a8a4fea446b38ed0efcbeba"
>         ],
>         "Parent": "",
>         "Comment": "",
>         "Created": "2021-01-21T03:38:05.801776526Z",
>         "Container": "74c29de32b02357dbe3559f8c5a349de93565d4646e152d316e147a1b12fd62e",
>         "ContainerConfig": {
>             "Hostname": "74c29de32b02",
>             "Domainname": "",
>             "User": "",
>             "AttachStdin": false,
>             "AttachStdout": false,
>             "AttachStderr": false,
>             "Tty": false,
>             "OpenStdin": false,
>             "StdinOnce": false,
>             "Env": [
>                 "PATH=/usr/local/sbin:/usr/local/bin:/usr/sbin:/usr/bin:/sbin:/bin"
74,116c28,32
<             "Isolation": "",
<             "CpuShares": 0,
<             "Memory": 0,
<             "NanoCpus": 0,
<             "CgroupParent": "",
<             "BlkioWeight": 0,
<             "BlkioWeightDevice": [],
<             "BlkioDeviceReadBps": null,
<             "BlkioDeviceWriteBps": null,
<             "BlkioDeviceReadIOps": null,
<             "BlkioDeviceWriteIOps": null,
<             "CpuPeriod": 0,
<             "CpuQuota": 0,
<             "CpuRealtimePeriod": 0,
<             "CpuRealtimeRuntime": 0,
<             "CpusetCpus": "",
<             "CpusetMems": "",
<             "Devices": [],
<             "DeviceCgroupRules": null,
<             "DeviceRequests": null,
<             "KernelMemory": 0,
<             "KernelMemoryTCP": 0,
<             "MemoryReservation": 0,
<             "MemorySwap": 0,
<             "MemorySwappiness": null,
<             "OomKillDisable": false,
<             "PidsLimit": null,
<             "Ulimits": null,
<             "CpuCount": 0,
<             "CpuPercent": 0,
<             "IOMaximumIOps": 0,
<             "IOMaximumBandwidth": 0,
<             "MaskedPaths": [
<                 "/proc/asound",
<                 "/proc/acpi",
<                 "/proc/kcore",
<                 "/proc/keys",
<                 "/proc/latency_stats",
<                 "/proc/timer_list",
<                 "/proc/timer_stats",
<                 "/proc/sched_debug",
<                 "/proc/scsi",
<                 "/sys/firmware"
---
>             "Cmd": [
>                 "/bin/sh",
>                 "-c",
>                 "#(nop) ",
>                 "CMD [\"/bin/bash\"]"
118,133c34,39
<             "ReadonlyPaths": [
<                 "/proc/bus",
<                 "/proc/fs",
<                 "/proc/irq",
<                 "/proc/sys",
<                 "/proc/sysrq-trigger"
<             ]
<         },
<         "GraphDriver": {
<             "Data": {
<                 "LowerDir": "/var/lib/docker/overlay2/2cc127c09dfcf2a9f2306d3f2ce45cf0bca4a74c898669eaa05507424e5cc650-init/diff:/var/lib/docker/overlay2/6964e9f6d8da38d57d1ffdfa5f9c0e15df7aec15b42c7814ede151aca4902e4d/diff:/var/lib/docker/overlay2/fb25dffab62c4d8b4f43276dade438f06868486d8812bc575ac2b00d69282a26/diff:/var/lib/docker/overlay2/4a0db45b214b2b89e1dadcbf11aab5cf9e0b18bd3ed74a7f40e01e7ce74f7144/diff",
<                 "MergedDir": "/var/lib/docker/overlay2/2cc127c09dfcf2a9f2306d3f2ce45cf0bca4a74c898669eaa05507424e5cc650/merged",
<                 "UpperDir": "/var/lib/docker/overlay2/2cc127c09dfcf2a9f2306d3f2ce45cf0bca4a74c898669eaa05507424e5cc650/diff",
<                 "WorkDir": "/var/lib/docker/overlay2/2cc127c09dfcf2a9f2306d3f2ce45cf0bca4a74c898669eaa05507424e5cc650/work"
<             },
<             "Name": "overlay2"
---
>             "Image": "sha256:9bed8c521290c075ef249907db89dfbc8e3c9b91bc2a507591cbd28e9b7d0b59",
>             "Volumes": null,
>             "WorkingDir": "",
>             "Entrypoint": null,
>             "OnBuild": null,
>             "Labels": {}
135c41,42
<         "Mounts": [],
---
>         "DockerVersion": "19.03.12",
>         "Author": "",
137c44
<             "Hostname": "f7db6e9af6b1",
---
>             "Hostname": "",
140,145c47,52
<             "AttachStdin": true,
<             "AttachStdout": true,
<             "AttachStderr": true,
<             "Tty": true,
<             "OpenStdin": true,
<             "StdinOnce": true,
---
>             "AttachStdin": false,
>             "AttachStdout": false,
>             "AttachStderr": false,
>             "Tty": false,
>             "OpenStdin": false,
>             "StdinOnce": false,
152c59
<             "Image": "ubuntu:18.04",
---
>             "Image": "sha256:9bed8c521290c075ef249907db89dfbc8e3c9b91bc2a507591cbd28e9b7d0b59",
157c64,85
<             "Labels": {}
---
>             "Labels": null
>         },
>         "Architecture": "amd64",
>         "Os": "linux",
>         "Size": 63254162,
>         "VirtualSize": 63254162,
>         "GraphDriver": {
>             "Data": {
>                 "LowerDir": "/var/lib/docker/overlay2/fb25dffab62c4d8b4f43276dade438f06868486d8812bc575ac2b00d69282a26/diff:/var/lib/docker/overlay2/4a0db45b214b2b89e1dadcbf11aab5cf9e0b18bd3ed74a7f40e01e7ce74f7144/diff",
>                 "MergedDir": "/var/lib/docker/overlay2/6964e9f6d8da38d57d1ffdfa5f9c0e15df7aec15b42c7814ede151aca4902e4d/merged",
>                 "UpperDir": "/var/lib/docker/overlay2/6964e9f6d8da38d57d1ffdfa5f9c0e15df7aec15b42c7814ede151aca4902e4d/diff",
>                 "WorkDir": "/var/lib/docker/overlay2/6964e9f6d8da38d57d1ffdfa5f9c0e15df7aec15b42c7814ede151aca4902e4d/work"
>             },
>             "Name": "overlay2"
>         },
>         "RootFS": {
>             "Type": "layers",
>             "Layers": [
>                 "sha256:c95d2191d7773c6e29188f92922bc9547e1f0b6130e85dfc2f5e4eae13137c7c",
>                 "sha256:27502392e386147bf71f51b4676dbe938b9b86592e41047c17fc94a116aa2841",
>                 "sha256:9f10818f1f96a349981e134a0e8d566fa5ab144c9f9f4e766be8cdab76d4074d"
>             ]
159,193c87,88
<         "NetworkSettings": {
<             "Bridge": "",
<             "SandboxID": "5b7f79c8633767a59eba59b13cf29c9eef5cb8293304b86587ccbaef17bce614",
<             "HairpinMode": false,
<             "LinkLocalIPv6Address": "",
<             "LinkLocalIPv6PrefixLen": 0,
<             "Ports": {},
<             "SandboxKey": "/var/run/docker/netns/5b7f79c86337",
<             "SecondaryIPAddresses": null,
<             "SecondaryIPv6Addresses": null,
<             "EndpointID": "b37763464e45e99637d4c8b00f53dcf84a549e374d5f2c8156b9afc2c035ceab",
<             "Gateway": "19.13.0.1",
<             "GlobalIPv6Address": "",
<             "GlobalIPv6PrefixLen": 0,
<             "IPAddress": "19.13.0.4",
<             "IPPrefixLen": 16,
<             "IPv6Gateway": "",
<             "MacAddress": "02:42:13:0d:00:04",
<             "Networks": {
<                 "bridge": {
<                     "IPAMConfig": null,
<                     "Links": null,
<                     "Aliases": null,
<                     "NetworkID": "dcb3a74dd8b7bfa0c159afdf4dabf5724958511df6676a743aee2b173d96e278",
<                     "EndpointID": "b37763464e45e99637d4c8b00f53dcf84a549e374d5f2c8156b9afc2c035ceab",
<                     "Gateway": "19.13.0.1",
<                     "IPAddress": "19.13.0.4",
<                     "IPPrefixLen": 16,
<                     "IPv6Gateway": "",
<                     "GlobalIPv6Address": "",
<                     "GlobalIPv6PrefixLen": 0,
<                     "MacAddress": "02:42:13:0d:00:04",
<                     "DriverOpts": null
<                 }
<             }
---
>         "Metadata": {
>             "LastTagTime": "0001-01-01T00:00:00Z"
